<?xml version="1.0" encoding="UTF-8"?>
<testng-results ignored="0" total="1" passed="1" failed="0" skipped="0">
  <reporter-output>
  </reporter-output>
  <suite started-at="2022-11-05T22:13:48 IST" name="Mypackagetest.MyclassTest" finished-at="2022-11-05T22:14:08 IST" duration-ms="19698">
    <groups>
    </groups>
    <test started-at="2022-11-05T22:13:48 IST" name="Command line test" finished-at="2022-11-05T22:14:08 IST" duration-ms="19698">
      <class name="Mypackagetest.MyclassTest">
        <test-method signature="methodtest()[pri:0, instance:Mypackagetest.MyclassTest@4d1c00d0]" started-at="2022-11-05T22:13:48 IST" name="methodtest" finished-at="2022-11-05T22:14:08 IST" duration-ms="19617" status="PASS">
          <reporter-output>
          </reporter-output>
        </test-method> <!-- methodtest -->
      </class> <!-- Mypackagetest.MyclassTest -->
    </test> <!-- Command line test -->
  </suite> <!-- Mypackagetest.MyclassTest -->
</testng-results>
