<?xml version="1.0" encoding="UTF-8"?>
<testng-results ignored="0" total="1" passed="1" failed="0" skipped="0">
  <reporter-output>
  </reporter-output>
  <suite started-at="2022-11-05T18:14:32 IST" name=" Maven suite" finished-at="2022-11-05T18:14:44 IST" duration-ms="12288">
    <groups>
    </groups>
    <test started-at="2022-11-05T18:14:32 IST" name="Maven test_" finished-at="2022-11-05T18:14:44 IST" duration-ms="12288">
      <class name="Mypackagetest.myclasstest">
        <test-method signature="methodtest()[pri:0, instance:Mypackagetest.myclasstest@201a4587]" started-at="2022-11-05T18:14:32 IST" name="methodtest" finished-at="2022-11-05T18:14:44 IST" duration-ms="12200" status="PASS">
          <reporter-output>
          </reporter-output>
        </test-method> <!-- methodtest -->
      </class> <!-- Mypackagetest.myclasstest -->
    </test> <!-- Maven test_ -->
  </suite> <!--  Maven suite -->
</testng-results>
